<?xml version="1.0" encoding="UTF-8"?>
<!-- Generated by org.testng.reporters.JUnitReportReporter -->
<testsuite hostname="SE-5CD1333ZV2" failures="0" tests="1" name="mPackage.AppTest" time="11.547" errors="0" timestamp="2025-04-16T12:26:55 IST" skipped="0">
  <testcase classname="mPackage.AppTest" name="SampleAutomation" time="11.547"/>
</testsuite> <!-- mPackage.AppTest -->
